[debug] [2025-11-09T15:57:51.171Z] ----------------------------------------------------------------------
[debug] [2025-11-09T15:57:51.179Z] Command:       C:\Program Files\nodejs\node.exe C:\Users\nader\AppData\Roaming\npm\node_modules\firebase-tools\lib\bin\firebase.js init
[debug] [2025-11-09T15:57:51.180Z] CLI Version:   14.24.1
[debug] [2025-11-09T15:57:51.180Z] Platform:      win32
[debug] [2025-11-09T15:57:51.181Z] Node Version:  v22.21.0
[debug] [2025-11-09T15:57:51.181Z] Time:          Sun Nov 09 2025 18:57:51 GMT+0300 (GMT+03:00)
[debug] [2025-11-09T15:57:51.182Z] ----------------------------------------------------------------------
[debug] 
[debug] [2025-11-09T15:57:51.186Z] >>> [apiv2][query] GET https://firebase-public.firebaseio.com/cli.json [none]
[info] 
     ######## #### ########  ######## ########     ###     ######  ########
     ##        ##  ##     ## ##       ##     ##  ##   ##  ##       ##
     ######    ##  ########  ######   ########  #########  ######  ######
     ##        ##  ##    ##  ##       ##     ## ##     ##       ## ##
     ##       #### ##     ## ######## ########  ##     ##  ######  ########

You're about to initialize a Firebase project in this directory:

  C:\Users\nader\Desktop\luxury-digital-store

[debug] [2025-11-09T15:57:51.517Z] *** [apiv2] error from fetch(https://firebase-public.firebaseio.com/cli.json, {"headers":{},"method":"GET"}): FetchError: request to https://firebase-public.firebaseio.com/cli.json failed, reason: Client network socket disconnected before secure TLS connection was established
[warn] !  Unable to fetch the CLI MOTD and remote config. This is not a fatal error, but may indicate an issue with your network connection. 
[debug] [2025-11-09T15:57:51.518Z] Failed to fetch MOTD FirebaseError: Failed to make request to https://firebase-public.firebaseio.com/cli.json
[info] 
=== Project Setup
[info] 
[info] First, let's associate this project directory with a Firebase project.
[info] You can create multiple project aliases by running firebase use --add, 
[info] 
[debug] [2025-11-09T16:04:18.847Z] > command requires scopes: ["email","openid","https://www.googleapis.com/auth/cloudplatformprojects.readonly","https://www.googleapis.com/auth/firebase","https://www.googleapis.com/auth/cloud-platform"]
[debug] [2025-11-09T16:04:18.847Z] > authorizing via signed-in user (nadernader777111@gmail.com)
[debug] [2025-11-09T16:04:18.848Z] Checked if tokens are valid: true, expires at: 1762707455431
[debug] [2025-11-09T16:04:18.848Z] Checked if tokens are valid: true, expires at: 1762707455431
[debug] [2025-11-09T16:04:18.849Z] >>> [apiv2][query] GET https://firebase.googleapis.com/v1beta1/projects pageSize=100
[debug] [2025-11-09T16:04:19.966Z] <<< [apiv2][status] GET https://firebase.googleapis.com/v1beta1/projects 403
[debug] [2025-11-09T16:04:19.966Z] <<< [apiv2][body] GET https://firebase.googleapis.com/v1beta1/projects [omitted]
[debug] [2025-11-09T16:04:19.967Z] Unable to parse JSON: SyntaxError: Unexpected token '<', "<!DOCTYPE "... is not valid JSON
[debug] [2025-11-09T16:04:20.395Z] FirebaseError: Unable to parse JSON: SyntaxError: Unexpected token '<', "<!DOCTYPE "... is not valid JSON
    at RetryOperation._fn (C:\Users\nader\AppData\Roaming\npm\node_modules\firebase-tools\lib\apiv2.js:289:39)
    at process.processTicksAndRejections (node:internal/process/task_queues:105:5)
[error] 
[error] Error: Failed to list Firebase projects. See firebase-debug.log for more info.
